<?xml version="1.0" encoding="UTF-8"?>
<testng-results ignored="0" total="1" passed="1" failed="0" skipped="0">
  <reporter-output>
  </reporter-output>
  <suite started-at="2024-12-04T12:17:58 IST" name="Default suite" finished-at="2024-12-04T12:18:01 IST" duration-ms="3070">
    <groups>
    </groups>
    <test started-at="2024-12-04T12:17:58 IST" name="Default test" finished-at="2024-12-04T12:18:01 IST" duration-ms="3070">
      <class name="driverFactory.AppTest">
        <test-method signature="startTest()[pri:0, instance:driverFactory.AppTest@3835c46]" started-at="2024-12-04T12:17:58 IST" name="startTest" finished-at="2024-12-04T12:18:01 IST" duration-ms="3009" status="PASS">
          <reporter-output>
          </reporter-output>
        </test-method> <!-- startTest -->
      </class> <!-- driverFactory.AppTest -->
    </test> <!-- Default test -->
  </suite> <!-- Default suite -->
</testng-results>
